[07:38.32.490]  - MobaXterm version: 8.3 Beta 0
[07:38.32.490]  - Command line: "C:\Program Files (x86)\Mobatek\MobaXterm Personal Edition\MobaXterm.exe" 
[07:38.32.490]  - Win32 version: 6.1.2.7601.Service Pack 1
[07:38.32.490]  - CurDir: C:\PROGRA~2\Mobatek\MOBAXT~1\
[07:38.32.490]  - PersonalDir: C:\Users\RL230027\DOCUME~1\
[07:38.32.490]  - AppDataDir: C:\Users\RL230027\AppData\Roaming\
[07:38.32.490]  - LocalAppDataDir: C:\Users\RL230027\AppData\Roaming\
[07:38.32.490]  - DesktopDir: C:\Users\RL230027\Desktop\
[07:38.32.490]  - MobaProfileDir: C:\Users\RL230027\DOCUME~1\
[07:38.32.490]  - Free space in MobaProfileDir folder: 307585MB
[07:38.32.490]  - TempDir: C:\Users\RL230027\AppData\Local\Temp\
[07:38.32.490]  - Free space in TempDir folder: 307585MB
[07:38.32.490]  - Monitor #0: 1366x768
[07:38.32.490]  - Monitor #1: 1920x1080
[07:38.32.490]  - User name: rl230027
[07:38.32.490]  - Computer name: WUSRL230027-ZZS
[07:38.32.490]  - User is local administrator
[07:38.32.490]  - CygUtils: C:\PROGRA~2\Mobatek\MOBAXT~1\CygUtils.plugin
[07:38.32.490]  
[07:38.32.490]  Begin Form1.FormCreate
[07:38.32.490]  Detecting installed/portable version
[07:38.32.490]  --> installed version
[07:38.32.490]  
[07:38.32.490]  Detecting IniSettings
[07:38.32.500]  --> IniSettings= C:\Users\RL230027\DOCUME~1\MobaXterm\MobaXterm.ini
[07:38.32.500]  
[07:38.32.520]  Detecting MobaXVTDir
[07:38.32.520]  IniSlashDir:=C:\Users\RL230027\DOCUME~1\MobaXterm\slash
[07:38.32.520]  BEGIN IsFolderRW(C:\Users\RL230027\DOCUME~1\MobaXterm\slash)
[07:38.32.560]  CreerLienSymbolique(C:\Users\RL230027\DOCUME~1\MobaXterm\slash\drives, C:\Users\RL230027\DOCUME~1\MobaXterm\slash\cygdrive);
[07:38.32.570]  CreerLienSymbolique(C:\Users\RL230027\DOCUME~1\MobaXterm\slash\drives, C:\Users\RL230027\DOCUME~1\MobaXterm\slash\mnt);
[07:38.32.570]  CreerLienSymbolique(C:\Users\RL230027\DOCUME~1\MobaXterm\slash\drives, C:\Users\RL230027\DOCUME~1\MobaXterm\slash\media);
[07:38.32.580]  CreerLienSymbolique(C:\Users\RL230027\DOCUME~1\MobaXterm\slash\proc\registry, C:\Users\RL230027\DOCUME~1\MobaXterm\slash\registry);
[07:38.32.610]  END IsFolderRW(C:\Users\RL230027\DOCUME~1\MobaXterm\slash) --> OK
[07:38.32.610]  --> MobaXVTDir= C:\Users\RL230027\DOCUME~1\MobaXterm\slash
[07:38.32.610]  
[07:38.32.610]  Detecting BinExeDir
[07:38.32.610]  --> BinExeDir= C:\Users\RL230027\DOCUME~1\MobaXterm\slash\bin\
[07:38.32.610]  --> SessionsDir= C:\Users\RL230027\DOCUME~1\MobaXterm\slash\tmp\sessions
[07:38.32.610]  
[07:38.32.610]  Detecting MobaXVTHomeDir
[07:38.32.610]  BEGIN IsFolderRW(C:\Users\RL230027\DOCUME~1\MobaXterm\home)
[07:38.32.610]  END IsFolderRW(C:\Users\RL230027\DOCUME~1\MobaXterm\home) --> OK
[07:38.32.610]  --> MobaXVTHomeDir= C:\Users\RL230027\DOCUME~1\MobaXterm\home
[07:38.32.610]  
[07:38.32.610]  Skin detection
[07:38.32.610]  Skin selected: 
[07:38.32.610]  Set Application Title
[07:38.32.610]  Skin selected: 
[07:38.32.670]  Process list:  stacsv64.exe, audiodg.exe, dsAccessService.exe, wlanext.exe, WLTRYSVC.EXE, BCMWLTRY.EXE, armsvc.exe, ServiceWrapper-8046768.exe, residentAgent.exe, dsm_sa_eventmgr64.exe, dsm_sa_datamgr64.exe, localsch.exe, pds.exe, collector.exe, LDRegWatch.exe, HeciServer.exe, issuser.exe, Jhi_service.exe, tmcsvc.exe, EegoService.exe, MfeEpeHost.exe, FrameworkService.exe, Ntrtscan.exe, omtsreco.exe, dsAccessService.exe, softmon.exe, naPrdMgr.exe, sqlwriter.exe, Wanova.Desktop.Service.exe, DFEPService.exe, WmiPrvSE.exe, TmListen.exe, SearchIndexer.exe, TMBMSRV.exe, \Device\HarddiskVolume2\Program Files\DellTPad\Apoint.exe, \Device\HarddiskVolume2\Program Files\IDT\WDM\sttray64.exe, \Device\HarddiskVolume2\Windows\System32\igfxtray.exe, \Device\HarddiskVolume2\Windows\System32\hkcmd.exe, \Device\HarddiskVolume2\Windows\System32\igfxpers.exe, \Device\HarddiskVolume2\Program Files\Dell\DW WLAN Card\WLTRAY.EXE, \Device\HarddiskVolume2\Program Files\TortoiseSVN\bin\TSVNCache.exe, \Device\HarddiskVolume2\Program Files\Dell\Feature Enhancement Pack\DFEPApplication.exe, C:\Program Files\McAfee\Endpoint Encryption\EpePcMonitor.exe, \Device\HarddiskVolume2\Program Files\Wanova\Mirage Service\Wanova.Desktop.Notification.exe, \Device\HarddiskVolume2\Program Files\DellTPad\ApMsgFwd.exe, \Device\HarddiskVolume2\Program Files\DellTPad\ApntEx.exe, \Device\HarddiskVolume2\Program Files\DellTPad\hidfind.exe, TmPfw.exe, C:\Program Files (x86)\Skype\Phone\Skype.exe, C:\Program Files (x86)\Microsoft Office\Office14\MSOSYNC.EXE, C:\Program Files (x86)\WebEx\Productivity Tools\ptim.exe, C:\Program Files (x86)\WebEx\Productivity Tools\ptoneclk.exe, C:\Program Files (x86)\Cisco Systems\Cisco Jabber\CiscoJabber.exe, C:\PROGRA~2\WebEx\PRODUC~1\ptSrv.exe, C:\Program Files (x86)\Microsoft Office\Office14\ONENOTEM.EXE, CNTAoSMgr.exe, C:\Program Files (x86)\Dell Webcam\Dell Webcam Central\WebcamDell2.exe, \Device\HarddiskVolume2\Program Files\Dell\Feature Enhancement Pack\SmartSettings.exe, C:\Program Files (x86)\Intel\Intel(R) Rapid Storage Technology\IAStorIcon.exe, \Device\HarddiskVolume2\Program Files (x86)\Trend Micro\OfficeScan Client\PccNTMon.exe, C:\Program Files (x86)\Common Files\Juniper Networks\JamUI\Pulse.exe, C:\Program Files (x86)\McAfee\Common Framework\UdaterUI.exe, TmProxy.exe, C:\Program Files (x86)\McAfee\Common Framework\McTray.exe, TrustedInstaller.exe, IAStorDataMgrSvc.exe, LMS.exe, o2flash.exe, srvany.exe, SDIOAssist.exe, UNS.exe, C:\Program Files (x86)\Microsoft Office\Office14\OUTLOOK.EXE, C:\Program Files (x86)\Cisco Systems\Cisco Jabber\wbxcOIEx.exe, OSPPSVC.EXE, PresentationFontCache.exe, rcgui.exe, VSSVC.exe, taskeng.exe, LANDESKAgentBootStrap.exe, C:\Program Files (x86)\Teradata_Media_Center\8046768\Program\Teradata_Media_Center.exe, \Device\HarddiskVolume2\Windows\System32\mstsc.exe, C:\Program Files (x86)\Google\Chrome\Application\chrome.exe, C:\Program Files (x86)\Google\Chrome\Application\chrome.exe, C:\Program Files (x86)\Google\Chrome\Application\chrome.exe, C:\Program Files (x86)\Google\Chrome\Application\chrome.exe, C:\Program Files (x86)\Google\Chrome\Application\chrome.exe, C:\Program Files (x86)\Google\Chrome\Application\chrome.exe, C:\Program Files (x86)\Google\Chrome\Application\chrome.exe, SearchProtocolHost.exe, C:\Program Files (x86)\Microsoft Office\Office14\ONENOTE.EXE, \Device\HarddiskVolume2\Windows\System32\SearchProtocolHost.exe, C:\Program Files (x86)\Mobatek\MobaXterm Personal Edition\MobaXterm.exe, C:\Program Files (x86)\Mobatek\MobaXterm Personal Edition\MobaXterm.exe, \Device\HarddiskVolume2\Windows\System32\SearchFilterHost.exe
[07:38.32.720]  Begin AddMobaConsoleFont
[07:38.32.720]  End AddMobaConsoleFont
[07:38.33.203]  End Form1.Create
[07:38.33.203]  
[07:38.33.203]  CREATION Form4
[07:38.33.203]  BEGIN WMSize
[07:38.33.203]  END WMSize
[07:38.33.353]  BEGIN WMSize
[07:38.33.353]  END WMSize
[07:38.33.373]  Begin Form4.Create
[07:38.33.373]  NbPingus = 4
[07:38.33.373]  Begin LoadBookmarksFromIni
[07:38.33.373]      FindOrCreateTreeFolders() (1)
[07:38.33.383]      FindOrCreateTreeFolders(FTS) (1)
[07:38.33.383]      FindOrCreateTreeFolders(JIRA) (1)
[07:38.33.383]  Begin RecreerLesMenusDeBookmarks
[07:38.33.383]  sTreeView1.assign(Treesessions)
[07:38.33.383]  Calcul SheetSessions
[07:38.33.383]  CreerSessionMenuItems
[07:38.33.413]  TreeSessions.Expand
[07:38.33.413]  End RecreerLesMenusDeBookmarks
[07:38.33.413]  End LoadBookmarksFromIni
[07:38.33.413]  BEGIN LoadMacrosFromIni
[07:38.33.413]  END LoadMacrosFromIni
[07:38.33.413]  Form4Create1
[07:38.33.423]  Form4Create2
[07:38.33.423]  BEGIN AdapterFlechesDeLaSidebar
[07:38.33.423]  END AdapterFlechesDeLaSidebar
[07:38.33.423]  Form4Create3
[07:38.33.423]  GetMinWidth = 981
[07:38.33.423]  GetMinHeight = 528
[07:38.33.423]  BEGIN WMSize
[07:38.33.423]  END WMSize
[07:38.33.423]  BEGIN WMSize
[07:38.33.433]  END WMSize
[07:38.33.433]  Form4Create4
[07:38.33.433]  IsNTFS(C:\) --> NTFS
[07:38.33.433]  Slash drive is NTFS.
[07:38.33.433]  Form4Create5
[07:38.33.433]  Form4Create6
[07:38.33.433]  Displaysidebarontheleft1Click: FormClick
[07:38.33.433]  BEGIN AdapterFlechesDeLaSidebar
[07:38.33.433]  END AdapterFlechesDeLaSidebar
[07:38.33.433]  Form4Create7
[07:38.33.433]  ShowButtonsbar1Click: FormClick
[07:38.33.433]  SmallButtons1Click: FormClick
[07:38.33.433]  GetMinWidth = 981
[07:38.33.433]  GetMinHeight = 524
[07:38.33.433]  End Form4.Create
[07:38.33.433]  
[07:38.33.433]  CREATION FormParams
[07:38.33.699]  Begin TFormParams.FormCreate
[07:38.33.709]  End TFormParams.FormCreate
[07:38.33.709]  
[07:38.33.709]  CREATION FormSessionEdit
[07:38.34.104]  Begin FormSessionEdit.Create
[07:38.34.139]  BEGIN TFormSessionEdit.FindIP
[07:38.34.146]  END TFormSessionEdit.FindIP
[07:38.34.146]  Begin SetupEnumAvailableComPorts
[07:38.34.146]  Begin SetupEnumAvailableComPorts: SetupDiClassGuidsFromName
[07:38.34.168]  Begin SetupEnumAvailableComPorts: SetupDiGetClassDevs
[07:38.34.171]  Begin SetupEnumAvailableComPorts: SetupDiEnumDeviceInfo
[07:38.34.172]  Begin SetupEnumAvailableComPorts: SetupDiGetDeviceRegistryProperty
[07:38.34.172]  Begin SetupEnumAvailableComPorts: SetupDiGetDeviceRegistryProperty
[07:38.34.173]  Begin SetupEnumAvailableComPorts: SetupDiEnumDeviceInfo
[07:38.34.173]  Begin SetupEnumAvailableComPorts: SetupDiDestroyDeviceInfoList
[07:38.34.173]  End SetupEnumAvailableComPorts
[07:38.34.173]  End FormSessionEdit.Create
[07:38.34.173]  
[07:38.34.173]  CREATION FormIconChooser
[07:38.34.180]  Begin FormIconChooser.Create
[07:38.34.180]  End FormIconChooser.Create
[07:38.34.180]  
[07:38.34.180]  CREATION FormBookFolderEdit
[07:38.34.185]  Begin FormBookFolderEdit.Create
[07:38.34.185]  End FormBookFolderEdit.Create
[07:38.34.185]  
[07:38.34.185]  CREATION FormAbout
[07:38.34.304]  Begin FormAbout.Create
[07:38.34.304]  End FormAbout.Create
[07:38.34.304]  
[07:38.34.304]  CREATION FormTransparente
[07:38.34.309]  
[07:38.34.310]  CREATION FormQuickShow
[07:38.34.317]  Begin TFormQuickShow.FormCreate
[07:38.34.317]  End TFormQuickShow.FormCreate
[07:38.34.317]  
[07:38.34.317]  CREATION FormNetscan
[07:38.34.334]  
[07:38.34.334]  CREATION FormNetstat
[07:38.34.335]  Begin FormNetstat.Create
[07:38.34.335]  Begin FormNetstat.Create
[07:38.34.335]  
[07:38.34.335]  CREATION FormPortForwarding
[07:38.34.405]  Begin TFormPortForwarding.FormCreate
[07:38.34.406]  End TFormPortForwarding.FormCreate
[07:38.34.406]  
[07:38.34.406]  CREATION FormPortForwardingEdit
[07:38.34.421]  
[07:38.34.421]  CREATION FormDesktopShortcut
[07:38.34.428]  
[07:38.34.428]  CREATION FormImportExport
[07:38.34.434]  
[07:38.34.434]  CREATION FormHotKeys
[07:38.34.469]  Begin TFormHotKeys.FormCreate
[07:38.34.469]  End TFormHotKeys.FormCreate
[07:38.34.469]  
[07:38.34.470]  CREATION FormKeyboard
[07:38.34.479]  
[07:38.34.479]  CREATION FormDownloadBloquant
[07:38.34.488]  
[07:38.34.488]  CREATION FormStorePasswords
[07:38.34.501]  
[07:38.34.501]  CREATION FormInputDialog
[07:38.34.507]  
[07:38.34.507]  CREATION FormRemoteSave
[07:38.34.515]  
[07:38.34.515]  CREATION FormServices
[07:38.34.573]  
[07:38.34.573]  CREATION FormMsgDialog
[07:38.34.580]  
[07:38.34.580]  CREATION FormCygUtilsMsg
[07:38.34.586]  
[07:38.34.586]  CREATION FormMobApt
[07:38.34.596]  
[07:38.34.596]  CREATION FormTwitter
[07:38.34.602]  
[07:38.34.602]  CREATION FormMasterPassword
[07:38.34.612]  
[07:38.34.612]  CREATION FormPluginCreator
[07:38.34.628]  
[07:38.34.628]  CREATION FormTermConfirmClose
[07:38.34.635]  
[07:38.34.635]  CREATION FormManagePasswords
[07:38.34.643]  Begin TFormManagePasswords.FormCreate
[07:38.34.644]  End TFormManagePasswords.FormCreate
[07:38.34.644]  
[07:38.34.644]  CREATION FormManageMacros
[07:38.34.669]  
[07:38.34.670]  CREATION FormEditMacroLine
[07:38.34.678]  
[07:38.34.678]  CREATION FormFindInTerm
[07:38.34.684]  
[07:38.34.684]  CREATION FormDetachedTab
[07:38.34.686]  
[07:38.34.686]  FIN CREATION FORMS
[07:38.34.686]  
[07:38.34.686]  Begin Form1.Show
[07:38.34.686]  End Form1.Show
[07:38.34.710]  Begin Form1.Timer1Timer
[07:38.34.710]  Core already unpacked
[07:38.34.710]  
[07:38.34.710]  BEGIN VerifyCoreFiles
[07:38.34.712]  END VerifyCoreFiles
[07:38.34.712]  
[07:38.34.730]  
[07:38.34.730]  
[07:38.34.730]  
[07:38.34.730]  
[07:38.34.731]  ================================================================================
[07:38.34.731]  ~    INI file content (C:\Users\RL230027\DOCUME~1\MobaXterm\MobaXterm.ini)    ~
[07:38.34.731]  ================================================================================
[07:38.34.731]  
[07:38.34.731]  
[Misc]
SlashDir=_MyDocuments_\MobaXterm\slash
HomeDir=_MyDocuments_\MobaXterm\home
PuTTYSessionsAlreadyImported=1
LastSession=b2bconnect.teradata.com (cdadm)|#109#0%b2bconnect.teradata.com%22%cdadm%%-1%-1%%%22%%0%0%Interactive shell%%%-1%0%0%0%%1080%%0#MobaFont%10%0%0%0%15%236,236,236%0,0,0%180,180,192%0%-1%0%%xterm%-1%0%0,0,0%54,54,54%255,96,96%255,128,128%96,255,96%128,255,128%255,255,54%255,255,128%96,96,255%128,128,255%255,54,255%255,128,255%54,255,255%128,255,255%236,236,236%255,255,255%80%24%0#0
StorePasswords=Never

[Recently started]
16=rpc7256
15=San Diego FTS
14=rpc7226 - JIRA PROD
13=b2bconnect.teradata.com (cdadm)
12=rpc7430 - FTSHUB1
11=rpc7041
10=rpc4075
9=rpc7453 (rl230027)
8=FTS\San Diego FTS
7=rpc4021 - PIWIK
6=JIRA\rpc7467 - JIRA DEV/DR
5=rpc4019 - TeamCity
4=JIRA\rpc7226 - JIRA PROD
3=Celebrus MySQL Server
2=FTS\rpc7430 - FTSHUB1
1=FTS\b2bconnect.teradata.com (cdadm)

[WindowPos_WUSRL230027-ZZS]
CompactMode=0
MonitorCount=2
Left=0
Top=0
Width=1936
Height=1056
Maximized=1
SidebarVisible=1
SidebarWidth=297

[Display]
SidebarRight=0
C10Checked=1
C11Checked=1
C12Checked=1
C13Checked=0
C14Checked=0
VisibleTabNum=1
VisibleTabClose=1
MenuAndButtons=2
BtnType2=2

[SSH]
SFTPShowDotFiles=1
SFTPAsciiMode=0

[Bookmarks]
SubRep=
ImgNum=41
Celebrus MySQL Server=#109#0%rpc4151%22%rl230027%%-1%-1%%%22%%0%0%Interactive shell%%%-1%0%0%0%%1080%%0#MobaFont%10%0%0%0%15%236,236,236%0,0,0%180,180,192%0%-1%0%%xterm%-1%0%0,0,0%54,54,54%255,96,96%255,128,128%96,255,96%128,255,128%255,255,54%255,255,128%96,96,255%128,128,255%255,54,255%255,128,255%54,255,255%128,255,255%236,236,236%255,255,255%80%24%0#0
Default Settings=#109#0%%22%% %-1%-1% %%22%%0%-1%Interactive shell%
rpc4019 - TeamCity=#109#0%rpc4019%22%% %-1%-1% %%22%%0%-1%Interactive shell%
rpc4021 - PIWIK=#109#0%rpc4021%22%% %-1%-1% %%22%%0%-1%Interactive shell%
rpc4075=#109#0%rpc4075%22%%%-1%-1%%%22%%0%-1%Interactive shell%%%-1%0%0%0%%1080%%0#MobaFont%10%0%0%0%15%236,236,236%0,0,0%180,180,192%0%-1%0%%xterm%-1%0%0,0,0%54,54,54%255,96,96%255,128,128%96,255,96%128,255,128%255,255,54%255,255,128%96,96,255%128,128,255%255,54,255%255,128,255%54,255,255%128,255,255%236,236,236%255,255,255%80%24%0#0
rpc7041=#109#0%rpc7041%22%%%-1%-1%%%22%%0%-1%Interactive shell%%%-1%0%0%0%%1080%%0#MobaFont%10%0%0%0%15%236,236,236%0,0,0%180,180,192%0%-1%0%%xterm%-1%0%0,0,0%54,54,54%255,96,96%255,128,128%96,255,96%128,255,128%255,255,54%255,255,128%96,96,255%128,128,255%255,54,255%255,128,255%54,255,255%128,255,255%236,236,236%255,255,255%80%24%0#0
rpc7042=#109#0%rpc7042%22%%%-1%-1%%%22%%0%-1%Interactive shell%%%-1%0%0%0%%1080%%0#MobaFont%10%0%0%0%15%236,236,236%0,0,0%180,180,192%0%-1%0%%xterm%-1%0%0,0,0%54,54,54%255,96,96%255,128,128%96,255,96%128,255,128%255,255,54%255,255,128%96,96,255%128,128,255%255,54,255%255,128,255%54,255,255%128,255,255%236,236,236%255,255,255%80%24%0#0
rpc7453 (rl230027)=#109#0%rpc7453%22%rl230027%%-1%-1%%%22%%0%0%Interactive shell%%%-1%0%0%0%%1080%%0#MobaFont%10%0%0%0%15%236,236,236%0,0,0%180,180,192%0%-1%0%%xterm%-1%0%0,0,0%54,54,54%255,96,96%255,128,128%96,255,96%128,255,128%255,255,54%255,255,128%96,96,255%128,128,255%255,54,255%255,128,255%54,255,255%128,255,255%236,236,236%255,255,255%80%24%0#0

[Bookmarks_1]
SubRep=FTS
ImgNum=41
b2bconnect.teradata.com (cdadm)=#109#0%b2bconnect.teradata.com%22%cdadm%%-1%-1%%%22%%0%0%Interactive shell%%%-1%0%0%0%%1080%%0#MobaFont%10%0%0%0%15%236,236,236%0,0,0%180,180,192%0%-1%0%%xterm%-1%0%0,0,0%54,54,54%255,96,96%255,128,128%96,255,96%128,255,128%255,255,54%255,255,128%96,96,255%128,128,255%255,54,255%255,128,255%54,255,255%128,255,255%236,236,236%255,255,255%80%24%0#0
rpc7430 - FTSHUB1=#109#0%rpc7430%22%%%-1%-1%%%22%%0%-1%Interactive shell%%%-1%0%0%0%%1080%%0#MobaFont%10%0%0%0%15%236,236,236%0,0,0%180,180,192%0%-1%0%%xterm%-1%0%0,0,0%54,54,54%255,96,96%255,128,128%96,255,96%128,255,128%255,255,54%255,255,128%96,96,255%128,128,255%255,54,255%255,128,255%54,255,255%128,255,255%236,236,236%255,255,255%80%24%0#0
San Diego FTS=#109#0%rpc7256%22%rl230027%%-1%-1%%%22%%0%0%Interactive shell%%%-1%0%0%0%%1080%%0#MobaFont%10%0%0%0%15%236,236,236%0,0,0%180,180,192%0%-1%0%%xterm%-1%0%0,0,0%54,54,54%255,96,96%255,128,128%96,255,96%128,255,128%255,255,54%255,255,128%96,96,255%128,128,255%255,54,255%255,128,255%54,255,255%128,255,255%236,236,236%255,255,255%80%24%0#0

[Bookmarks_2]
SubRep=JIRA
ImgNum=41
rpc7226 - JIRA PROD=#109#0%rpc7226%22%% %-1%-1% %%22%%0%-1%Interactive shell%
rpc7467 - JIRA DEV/DR=#109#0%rpc7467%22%% %-1%-1% %%22%%0%-1%Interactive shell%

[WindowPos_WUSRL230027-ZZS_2_1920]
CompactMode=0
MonitorCount=2
Left=0
Top=0
Width=1936
Height=1056
Maximized=1
SidebarVisible=1
SidebarWidth=297

[EditorWindowPos]
Left=0
Top=0
Width=1920
Height=1040
Maximized=0

[WindowPos_WUSRL230027-ZZS_1_1366]
CompactMode=0
MonitorCount=1
Left=0
Top=0
Width=1382
Height=744
Maximized=1
SidebarVisible=1
SidebarWidth=222

[WindowPos_WUSRL230027-ZZS_2_1366]
CompactMode=0
MonitorCount=2
Left=0
Top=0
Width=1382
Height=744
Maximized=1
SidebarVisible=1
SidebarWidth=297

[07:38.34.743]  
[07:38.34.743]  
[07:38.34.744]  ================================================================================
[07:38.34.744]  
[07:38.34.744]  
[07:38.34.744]  
[07:38.34.744]  
[07:38.34.744]  BEGIN CreerFstab
[07:38.34.746]  CreerFstab: RootDirectory = C:/Users/RL230027/DOCUME~1/MOBAXT~1/slash
[07:38.34.748]  CreerFstab: HomeDirectory = C:/Users/RL230027/DOCUME~1/MOBAXT~1/home
[07:38.34.752]  !!!! Exception EFCreateError: Cannot create file "C:\Users\RL230027\DOCUME~1\MobaXterm\slash\etc\fstab". The process cannot access the file because it is being used by another process during SaveStringListToUnixFile(C:\Users\RL230027\DOCUME~1\MobaXterm\slash\etc\fstab)
[07:38.34.765]  END CreerFstab
[07:38.34.765]  Begin extraireFichiers1
[07:38.34.767]  BEGIN CreerProfile
[07:38.34.770]  END CreerProfile
[07:38.34.770]  BEGIN CreerSshConfig
[07:38.34.774]  END CreerSshConfig
[07:38.34.774]  Begin CreerBaseProfile
[07:38.34.781]  NEW PLUGIN: mobase
[07:38.34.800]  End Ouverture plugin mobase
[07:38.34.800]  NEW PLUGIN: C:\PROGRA~2\Mobatek\MOBAXT~1\CygUtils.plugin
[07:38.34.836]  End Ouverture plugin C:\PROGRA~2\Mobatek\MOBAXT~1\CygUtils.plugin
[07:38.34.847]  End CreerBaseProfile
[07:38.34.847]  BEGIN MkGroupFile
[07:38.34.847]  BEGIN GetLocalGroups
[07:38.34.849]  END GetLocalGroups
[07:38.34.861]  MkGroupFile OK
[07:38.34.862]  END MkGroupFile
[07:38.34.862]  BEGIN MkPasswdFile
[07:38.34.863]  Current Domain: TD.TERADATA.COM
[07:38.34.863]  BEGIN Bui_GetWindowsUsersAccount
[07:38.34.863]  END Bui_GetWindowsUsersAccount
[07:38.34.870]  MkPasswdFile OK
[07:38.34.870]  END MkPasswdFile
[07:38.34.870]  Begin CreerNsswitch
[07:38.34.873]  End CreerNsswitch
[07:38.34.874]    Request for file extraction: /bin/scrdaemons
[07:38.34.875]      Extracting "/bin/scrdaemons"
[07:38.34.888]      File extracted from CygUtils.plugin.
[07:38.34.888]  CreerLienSymbolique(C:\Users\RL230027\DOCUME~1\MobaXterm\slash\bin\scrdaemons, C:\Users\RL230027\DOCUME~1\MobaXterm\slash\etc\init.d\tftp);
[07:38.34.898]  CreerLienSymbolique(C:\Users\RL230027\DOCUME~1\MobaXterm\slash\bin\scrdaemons, C:\Users\RL230027\DOCUME~1\MobaXterm\slash\etc\init.d\ftp);
[07:38.34.904]  CreerLienSymbolique(C:\Users\RL230027\DOCUME~1\MobaXterm\slash\bin\scrdaemons, C:\Users\RL230027\DOCUME~1\MobaXterm\slash\etc\init.d\http);
[07:38.34.911]  CreerLienSymbolique(C:\Users\RL230027\DOCUME~1\MobaXterm\slash\bin\scrdaemons, C:\Users\RL230027\DOCUME~1\MobaXterm\slash\etc\init.d\ssh);
[07:38.34.917]  CreerLienSymbolique(C:\Users\RL230027\DOCUME~1\MobaXterm\slash\bin\scrdaemons, C:\Users\RL230027\DOCUME~1\MobaXterm\slash\etc\init.d\telnet);
[07:38.34.918]  !!!! Exception EFCreateError: Cannot create file "C:\Users\RL230027\DOCUME~1\MobaXterm\slash\etc\init.d\telnet". The process cannot access the file because it is being used by another process during CreerLienSymb2
[07:38.34.930]  CreerLienSymbolique(C:\Users\RL230027\DOCUME~1\MobaXterm\slash\bin\scrdaemons, C:\Users\RL230027\DOCUME~1\MobaXterm\slash\etc\init.d\nfs);
[07:38.34.950]  CreerLienSymbolique(C:\Users\RL230027\DOCUME~1\MobaXterm\slash\bin\scrdaemons, C:\Users\RL230027\DOCUME~1\MobaXterm\slash\etc\init.d\vnc);
[07:38.34.956]    Request for file extraction: /bin/cygtermd.exe
[07:38.34.956]      Extracting "/bin/cygtermd.exe"
[07:38.34.956]      File extracted from CygUtils.plugin.
[07:38.34.957]    Request for file extraction: /bin/cygz.dll
[07:38.34.957]      Extracting "/bin/cygz.dll"
[07:38.34.958]      File extracted from CygUtils.plugin.
[07:38.34.959]    Request for file extraction: /bin/cyggcc_s-1.dll
[07:38.34.960]      Extracting "/bin/cyggcc_s-1.dll"
[07:38.34.960]      File extracted from CygUtils.plugin.
[07:38.34.962]    Request for file extraction: /bin/cygwin-console-helper.exe
[07:38.34.962]      Extracting "/bin/cygwin-console-helper.exe"
[07:38.34.962]      File extracted from CygUtils.plugin.
[07:38.34.963]    Request for file extraction: /bin/ssh.exe
[07:38.34.963]      Extracting "/bin/ssh.exe"
[07:38.34.964]      File extracted from CygUtils.plugin.
[07:38.34.965]    Request for file extraction: /etc/bash.bash_logout
[07:38.34.966]    Request for file extraction: /etc/profile.d
[07:38.34.967]    Request for file extraction: /etc/profile.d/*
[07:38.34.967]  CreerRaccourciVersMobaXterm(C:\Users\RL230027\DOCUME~1\MobaXterm\slash\bin\MobaListPorts, -listports);
[07:38.34.983]  CreerRaccourciVersMobaXterm(C:\Users\RL230027\DOCUME~1\MobaXterm\slash\bin\MobaPictureViewer, -picview);
[07:38.34.989]  CreerRaccourciVersMobaXterm(C:\Users\RL230027\DOCUME~1\MobaXterm\slash\bin\MobaCalc, -calc);
[07:38.34.997]  CreerRaccourciVersMobaXterm(C:\Users\RL230027\DOCUME~1\MobaXterm\slash\bin\MobaTextEditor, -edit);
[07:38.35.007]  !!!! Exception EFCreateError: Cannot create file "C:\Users\RL230027\DOCUME~1\MobaXterm\slash\bin\MobaTextEditor". The process cannot access the file because it is being used by another process during CreerRaccourciVersMobaXterm
[07:38.35.019]  CreerRaccourciVersMobaXterm(C:\Users\RL230027\DOCUME~1\MobaXterm\slash\bin\MobaCompareFiles, -compfiles);
[07:38.35.023]  CreerRaccourciVersMobaXterm(C:\Users\RL230027\DOCUME~1\MobaXterm\slash\bin\MobaCompareFolders, -compfolders);
[07:38.35.024]  !!!! Exception EFCreateError: Cannot create file "C:\Users\RL230027\DOCUME~1\MobaXterm\slash\bin\MobaCompareFolders". The process cannot access the file because it is being used by another process during CreerRaccourciVersMobaXterm
